<?xml version="1.0" encoding="UTF-8"?>
<!-- Generated by org.testng.reporters.JUnitXMLReporter -->
<testsuite ignored="0" hostname="LTIN593332" failures="9" tests="67" name="ChromeTest" time="135.24" errors="0" timestamp="2025-04-20T23:04:11 IST">
  <testcase classname="testCases.HomeTests" name="verify_home_page_URL" time="0.258"/>
  <testcase classname="testCases.HomeTests" name="verify_quote_change" time="0.507"/>
  <testcase classname="testCases.SignUpTests" name="data" time="1.186"/>
  <testcase classname="testCases.SignUpTests" name="data" time="0.963"/>
  <testcase classname="testCases.SignUpTests" name="data" time="1.227"/>
  <testcase classname="testCases.SignUpTests" name="data" time="1.295"/>
  <testcase classname="testCases.SignUpTests" name="data" time="1.14"/>
  <testcase classname="testCases.SignUpTests" name="data" time="1.189"/>
  <testcase classname="testCases.SignUpTests" name="data" time="0.992"/>
  <testcase classname="testCases.SignUpTests" name="data1" time="1.005"/>
  <testcase classname="testCases.SignUpTests" name="data1" time="1.059"/>
  <testcase classname="testCases.SignUpTests" name="data1" time="0.949">
    <skipped/>
  </testcase> <!-- data1 -->
  <testcase classname="testCases.SignUpTests" name="data1" time="0.818">
    <skipped/>
  </testcase> <!-- data1 -->
  <testcase classname="testCases.SignUpTests" name="data1" time="0.818">
    <skipped/>
  </testcase> <!-- data1 -->
  <testcase classname="testCases.SignUpTests" name="data1" time="0.985">
    <failure type="java.lang.AssertionError" message="The following asserts failed:
	expected [true] but found [false],
	expected [Sign Up successful!] but found [&amp;quot;Password must be at least 8 characters long and include a number and a special character.&amp;quot;],
	expected [true] but found [false],
	expected [Sign Up successful!] but found [&amp;quot;Password must be at least 8 characters long and include a number and a special character.&amp;quot;],
	expected [true] but found [false],
	expected [Sign Up successful!] but found [&amp;quot;Password must be at least 8 characters long and include a number and a special character.&amp;quot;],
	expected [true] but found [false],
	expected [Sign Up successful!] but found [&amp;quot;Password must be at least 8 characters long and include a number and a special character.&amp;quot;]">
      <![CDATA[java.lang.AssertionError: The following asserts failed:
expected [true] but found [false],
expected [Sign Up successful!] but found ["Password must be at least 8 characters long and include a number and a special character."],
expected [true] but found [false],
expected [Sign Up successful!] but found ["Password must be at least 8 characters long and include a number and a special character."],
expected [true] but found [false],
expected [Sign Up successful!] but found ["Password must be at least 8 characters long and include a number and a special character."],
expected [true] but found [false],
expected [Sign Up successful!] but found ["Password must be at least 8 characters long and include a number and a special character."]
at testCases.SignUpTests.data1(SignUpTests.java:64)
at java.base/java.util.ArrayList.forEach(ArrayList.java:1596)
... Removed 27 stack frames]]>
    </failure>
  </testcase> <!-- data1 -->
  <testcase classname="testCases.SignUpTests" name="data1" time="0.976">
    <skipped/>
  </testcase> <!-- data1 -->
  <testcase classname="testCases.SignUpTests" name="data1" time="1.097">
    <skipped/>
  </testcase> <!-- data1 -->
  <testcase classname="testCases.SignUpTests" name="data1" time="1.169">
    <skipped/>
  </testcase> <!-- data1 -->
  <testcase classname="testCases.SignUpTests" name="data1" time="1.085">
    <failure type="java.lang.AssertionError" message="The following asserts failed:
	expected [true] but found [false],
	expected [Sign Up successful!] but found [&amp;quot;Password must be at least 8 characters long and include a number and a special character.&amp;quot;],
	expected [true] but found [false],
	expected [Sign Up successful!] but found [&amp;quot;Password must be at least 8 characters long and include a number and a special character.&amp;quot;],
	expected [true] but found [false],
	expected [Sign Up successful!] but found [&amp;quot;Password must be at least 8 characters long and include a number and a special character.&amp;quot;],
	expected [true] but found [false],
	expected [Sign Up successful!] but found [&amp;quot;Password must be at least 8 characters long and include a number and a special character.&amp;quot;],
	expected [true] but found [false],
	expected [Sign Up successful!] but found [&amp;quot;Password must be at least 8 characters long and include a number and a special character.&amp;quot;],
	expected [true] but found [false],
	expected [Sign Up successful!] but found [&amp;quot;Password must be at least 8 characters long and include a number and a special character.&amp;quot;],
	expected [true] but found [false],
	expected [Sign Up successful!] but found [&amp;quot;Password must be at least 8 characters long and include a number and a special character.&amp;quot;],
	expected [true] but found [false],
	expected [Sign Up successful!] but found [&amp;quot;Password must be at least 8 characters long and include a number and a special character.&amp;quot;]">
      <![CDATA[java.lang.AssertionError: The following asserts failed:
expected [true] but found [false],
expected [Sign Up successful!] but found ["Password must be at least 8 characters long and include a number and a special character."],
expected [true] but found [false],
expected [Sign Up successful!] but found ["Password must be at least 8 characters long and include a number and a special character."],
expected [true] but found [false],
expected [Sign Up successful!] but found ["Password must be at least 8 characters long and include a number and a special character."],
expected [true] but found [false],
expected [Sign Up successful!] but found ["Password must be at least 8 characters long and include a number and a special character."],
expected [true] but found [false],
expected [Sign Up successful!] but found ["Password must be at least 8 characters long and include a number and a special character."],
expected [true] but found [false],
expected [Sign Up successful!] but found ["Password must be at least 8 characters long and include a number and a special character."],
expected [true] but found [false],
expected [Sign Up successful!] but found ["Password must be at least 8 characters long and include a number and a special character."],
expected [true] but found [false],
expected [Sign Up successful!] but found ["Password must be at least 8 characters long and include a number and a special character."]
at testCases.SignUpTests.data1(SignUpTests.java:64)
at java.base/java.util.ArrayList.forEach(ArrayList.java:1596)
... Removed 27 stack frames]]>
    </failure>
  </testcase> <!-- data1 -->
  <testcase classname="testCases.SignUpTests" name="data1" time="1.18">
    <skipped/>
  </testcase> <!-- data1 -->
  <testcase classname="testCases.SignUpTests" name="data1" time="1.25">
    <skipped/>
  </testcase> <!-- data1 -->
  <testcase classname="testCases.SignUpTests" name="data1" time="1.146">
    <skipped/>
  </testcase> <!-- data1 -->
  <testcase classname="testCases.SignUpTests" name="data1" time="1.105">
    <failure type="java.lang.AssertionError" message="The following asserts failed:
	expected [true] but found [false],
	expected [Sign Up successful!] but found [&amp;quot;Password must be at least 8 characters long and include a number and a special character.&amp;quot;],
	expected [true] but found [false],
	expected [Sign Up successful!] but found [&amp;quot;Password must be at least 8 characters long and include a number and a special character.&amp;quot;],
	expected [true] but found [false],
	expected [Sign Up successful!] but found [&amp;quot;Password must be at least 8 characters long and include a number and a special character.&amp;quot;],
	expected [true] but found [false],
	expected [Sign Up successful!] but found [&amp;quot;Password must be at least 8 characters long and include a number and a special character.&amp;quot;],
	expected [true] but found [false],
	expected [Sign Up successful!] but found [&amp;quot;Password must be at least 8 characters long and include a number and a special character.&amp;quot;],
	expected [true] but found [false],
	expected [Sign Up successful!] but found [&amp;quot;Password must be at least 8 characters long and include a number and a special character.&amp;quot;],
	expected [true] but found [false],
	expected [Sign Up successful!] but found [&amp;quot;Password must be at least 8 characters long and include a number and a special character.&amp;quot;],
	expected [true] but found [false],
	expected [Sign Up successful!] but found [&amp;quot;Password must be at least 8 characters long and include a number and a special character.&amp;quot;],
	expected [true] but found [false],
	expected [Sign Up successful!] but found [&amp;quot;Password must be at least 8 characters long and include a number and a special character.&amp;quot;],
	expected [true] but found [false],
	expected [Sign Up successful!] but found [&amp;quot;Password must be at least 8 characters long and include a number and a special character.&amp;quot;],
	expected [true] but found [false],
	expected [Sign Up successful!] but found [&amp;quot;Password must be at least 8 characters long and include a number and a special character.&amp;quot;],
	expected [true] but found [false],
	expected [Sign Up successful!] but found [&amp;quot;Password must be at least 8 characters long and include a number and a special character.&amp;quot;]">
      <![CDATA[java.lang.AssertionError: The following asserts failed:
expected [true] but found [false],
expected [Sign Up successful!] but found ["Password must be at least 8 characters long and include a number and a special character."],
expected [true] but found [false],
expected [Sign Up successful!] but found ["Password must be at least 8 characters long and include a number and a special character."],
expected [true] but found [false],
expected [Sign Up successful!] but found ["Password must be at least 8 characters long and include a number and a special character."],
expected [true] but found [false],
expected [Sign Up successful!] but found ["Password must be at least 8 characters long and include a number and a special character."],
expected [true] but found [false],
expected [Sign Up successful!] but found ["Password must be at least 8 characters long and include a number and a special character."],
expected [true] but found [false],
expected [Sign Up successful!] but found ["Password must be at least 8 characters long and include a number and a special character."],
expected [true] but found [false],
expected [Sign Up successful!] but found ["Password must be at least 8 characters long and include a number and a special character."],
expected [true] but found [false],
expected [Sign Up successful!] but found ["Password must be at least 8 characters long and include a number and a special character."],
expected [true] but found [false],
expected [Sign Up successful!] but found ["Password must be at least 8 characters long and include a number and a special character."],
expected [true] but found [false],
expected [Sign Up successful!] but found ["Password must be at least 8 characters long and include a number and a special character."],
expected [true] but found [false],
expected [Sign Up successful!] but found ["Password must be at least 8 characters long and include a number and a special character."],
expected [true] but found [false],
expected [Sign Up successful!] but found ["Password must be at least 8 characters long and include a number and a special character."]
at testCases.SignUpTests.data1(SignUpTests.java:64)
at java.base/java.util.ArrayList.forEach(ArrayList.java:1596)
... Removed 27 stack frames]]>
    </failure>
  </testcase> <!-- data1 -->
  <testcase classname="testCases.SignUpTests" name="data1" time="1.07">
    <skipped/>
  </testcase> <!-- data1 -->
  <testcase classname="testCases.SignUpTests" name="data1" time="1.106">
    <skipped/>
  </testcase> <!-- data1 -->
  <testcase classname="testCases.SignUpTests" name="data1" time="1.041">
    <skipped/>
  </testcase> <!-- data1 -->
  <testcase classname="testCases.SignUpTests" name="data1" time="1.274">
    <failure type="java.lang.AssertionError" message="The following asserts failed:
	expected [true] but found [false],
	expected [Sign Up successful!] but found [&amp;quot;Password must be at least 8 characters long and include a number and a special character.&amp;quot;],
	expected [true] but found [false],
	expected [Sign Up successful!] but found [&amp;quot;Password must be at least 8 characters long and include a number and a special character.&amp;quot;],
	expected [true] but found [false],
	expected [Sign Up successful!] but found [&amp;quot;Password must be at least 8 characters long and include a number and a special character.&amp;quot;],
	expected [true] but found [false],
	expected [Sign Up successful!] but found [&amp;quot;Password must be at least 8 characters long and include a number and a special character.&amp;quot;],
	expected [true] but found [false],
	expected [Sign Up successful!] but found [&amp;quot;Password must be at least 8 characters long and include a number and a special character.&amp;quot;],
	expected [true] but found [false],
	expected [Sign Up successful!] but found [&amp;quot;Password must be at least 8 characters long and include a number and a special character.&amp;quot;],
	expected [true] but found [false],
	expected [Sign Up successful!] but found [&amp;quot;Password must be at least 8 characters long and include a number and a special character.&amp;quot;],
	expected [true] but found [false],
	expected [Sign Up successful!] but found [&amp;quot;Password must be at least 8 characters long and include a number and a special character.&amp;quot;],
	expected [true] but found [false],
	expected [Sign Up successful!] but found [&amp;quot;Password must be at least 8 characters long and include a number and a special character.&amp;quot;],
	expected [true] but found [false],
	expected [Sign Up successful!] but found [&amp;quot;Password must be at least 8 characters long and include a number and a special character.&amp;quot;],
	expected [true] but found [false],
	expected [Sign Up successful!] but found [&amp;quot;Password must be at least 8 characters long and include a number and a special character.&amp;quot;],
	expected [true] but found [false],
	expected [Sign Up successful!] but found [&amp;quot;Password must be at least 8 characters long and include a number and a special character.&amp;quot;],
	expected [true] but found [false],
	expected [Sign Up successful!] but found [&amp;quot;Password must be at least 8 characters long and include a number and a special character.&amp;quot;],
	expected [true] but found [false],
	expected [Sign Up successful!] but found [&amp;quot;Password must be at least 8 characters long and include a number and a special character.&amp;quot;],
	expected [true] but found [false],
	expected [Sign Up successful!] but found [&amp;quot;Password must be at least 8 characters long and include a number and a special character.&amp;quot;],
	expected [true] but found [false],
	expected [Sign Up successful!] but found [&amp;quot;Password must be at least 8 characters long and include a number and a special character.&amp;quot;]">
      <![CDATA[java.lang.AssertionError: The following asserts failed:
expected [true] but found [false],
expected [Sign Up successful!] but found ["Password must be at least 8 characters long and include a number and a special character."],
expected [true] but found [false],
expected [Sign Up successful!] but found ["Password must be at least 8 characters long and include a number and a special character."],
expected [true] but found [false],
expected [Sign Up successful!] but found ["Password must be at least 8 characters long and include a number and a special character."],
expected [true] but found [false],
expected [Sign Up successful!] but found ["Password must be at least 8 characters long and include a number and a special character."],
expected [true] but found [false],
expected [Sign Up successful!] but found ["Password must be at least 8 characters long and include a number and a special character."],
expected [true] but found [false],
expected [Sign Up successful!] but found ["Password must be at least 8 characters long and include a number and a special character."],
expected [true] but found [false],
expected [Sign Up successful!] but found ["Password must be at least 8 characters long and include a number and a special character."],
expected [true] but found [false],
expected [Sign Up successful!] but found ["Password must be at least 8 characters long and include a number and a special character."],
expected [true] but found [false],
expected [Sign Up successful!] but found ["Password must be at least 8 characters long and include a number and a special character."],
expected [true] but found [false],
expected [Sign Up successful!] but found ["Password must be at least 8 characters long and include a number and a special character."],
expected [true] but found [false],
expected [Sign Up successful!] but found ["Password must be at least 8 characters long and include a number and a special character."],
expected [true] but found [false],
expected [Sign Up successful!] but found ["Password must be at least 8 characters long and include a number and a special character."],
expected [true] but found [false],
expected [Sign Up successful!] but found ["Password must be at least 8 characters long and include a number and a special character."],
expected [true] but found [false],
expected [Sign Up successful!] but found ["Password must be at least 8 characters long and include a number and a special character."],
expected [true] but found [false],
expected [Sign Up successful!] but found ["Password must be at least 8 characters long and include a number and a special character."],
expected [true] but found [false],
expected [Sign Up successful!] but found ["Password must be at least 8 characters long and include a number and a special character."]
at testCases.SignUpTests.data1(SignUpTests.java:64)
at java.base/java.util.ArrayList.forEach(ArrayList.java:1596)
... Removed 27 stack frames]]>
    </failure>
  </testcase> <!-- data1 -->
  <testcase classname="testCases.SignInTests" name="validateSignUpButtonFunctionality" time="0.427"/>
  <testcase classname="testCases.SignInTests" name="validateCrossButtonFunctionality" time="0.089"/>
  <testcase classname="testCases.SignInTests" name="validate_PosData_signin" time="0.915"/>
  <testcase classname="testCases.SignInTests" name="validate_NegData_Signin" time="0.767"/>
  <testcase classname="testCases.SignInTests" name="validate_NegData_Signin" time="1.152">
    <skipped/>
  </testcase> <!-- validate_NegData_Signin -->
  <testcase classname="testCases.SignInTests" name="validate_NegData_Signin" time="1.182">
    <skipped/>
  </testcase> <!-- validate_NegData_Signin -->
  <testcase classname="testCases.SignInTests" name="validate_NegData_Signin" time="1.136">
    <skipped/>
  </testcase> <!-- validate_NegData_Signin -->
  <testcase classname="testCases.SignInTests" name="validate_NegData_Signin" time="1.167">
    <failure type="org.openqa.selenium.ElementClickInterceptedException" message="element click intercepted: Element &amp;lt;button onclick=&amp;quot;openModal()&amp;quot;&amp;gt;...&amp;lt;/button&amp;gt; is not clickable at point (631, 464). Other element would receive the click: &amp;lt;div class=&amp;quot;modal-content&amp;quot;&amp;gt;...&amp;lt;/div&amp;gt;
  (Session info: chrome=134.0.6998.178)
Build info: version: &amp;apos;4.31.0&amp;apos;, revision: &amp;apos;1ef9f18787*&amp;apos;
System info: os.name: &amp;apos;Windows 11&amp;apos;, os.arch: &amp;apos;amd64&amp;apos;, os.version: &amp;apos;10.0&amp;apos;, java.version: &amp;apos;21.0.5&amp;apos;
Driver info: org.openqa.selenium.chrome.ChromeDriver
Command: [7b211d15a84b7c9f06c9b9da361f88be, clickElement {id=f.12AB19259E7D4A2B815D8D91304DC707.d.BF11BA6C11D1A1FA7434A12C2C606D82.e.14}]
Capabilities {acceptInsecureCerts: false, browserName: chrome, browserVersion: 134.0.6998.178, chrome: {chromedriverVersion: 134.0.6998.165 (fd886e2cb29..., userDataDir: C:\windows\SystemTemp\scope...}, fedcm:accounts: true, goog:chromeOptions: {debuggerAddress: localhost:64225}, networkConnectionEnabled: false, pageLoadStrategy: normal, platformName: windows, proxy: Proxy(), se:cdp: ws://localhost:64225/devtoo..., se:cdpVersion: 134.0.6998.178, setWindowRect: true, strictFileInteractability: false, timeouts: {implicit: 0, pageLoad: 300000, script: 30000}, unhandledPromptBehavior: dismiss and notify, webauthn:extension:credBlob: true, webauthn:extension:largeBlob: true, webauthn:extension:minPinLength: true, webauthn:extension:prf: true, webauthn:virtualAuthenticators: true}
Element: [[ChromeDriver: chrome on windows (7b211d15a84b7c9f06c9b9da361f88be)] -&amp;gt; xpath: //button[contains(text(),&amp;apos;Sign In / Sign Up&amp;apos;)]]
Session ID: 7b211d15a84b7c9f06c9b9da361f88be">
      <![CDATA[org.openqa.selenium.ElementClickInterceptedException: element click intercepted: Element <button onclick="openModal()">...</button> is not clickable at point (631, 464). Other element would receive the click: <div class="modal-content">...</div>
  (Session info: chrome=134.0.6998.178)
Build info: version: '4.31.0', revision: '1ef9f18787*'
System info: os.name: 'Windows 11', os.arch: 'amd64', os.version: '10.0', java.version: '21.0.5'
Driver info: org.openqa.selenium.chrome.ChromeDriver
Command: [7b211d15a84b7c9f06c9b9da361f88be, clickElement {id=f.12AB19259E7D4A2B815D8D91304DC707.d.BF11BA6C11D1A1FA7434A12C2C606D82.e.14}]
Capabilities {acceptInsecureCerts: false, browserName: chrome, browserVersion: 134.0.6998.178, chrome: {chromedriverVersion: 134.0.6998.165 (fd886e2cb29..., userDataDir: C:\windows\SystemTemp\scope...}, fedcm:accounts: true, goog:chromeOptions: {debuggerAddress: localhost:64225}, networkConnectionEnabled: false, pageLoadStrategy: normal, platformName: windows, proxy: Proxy(), se:cdp: ws://localhost:64225/devtoo..., se:cdpVersion: 134.0.6998.178, setWindowRect: true, strictFileInteractability: false, timeouts: {implicit: 0, pageLoad: 300000, script: 30000}, unhandledPromptBehavior: dismiss and notify, webauthn:extension:credBlob: true, webauthn:extension:largeBlob: true, webauthn:extension:minPinLength: true, webauthn:extension:prf: true, webauthn:virtualAuthenticators: true}
Element: [[ChromeDriver: chrome on windows (7b211d15a84b7c9f06c9b9da361f88be)] -> xpath: //button[contains(text(),'Sign In / Sign Up')]]
Session ID: 7b211d15a84b7c9f06c9b9da361f88be
at org.openqa.selenium.remote.ErrorCodec.decode(ErrorCodec.java:167)
at org.openqa.selenium.remote.codec.w3c.W3CHttpResponseCodec.decode(W3CHttpResponseCodec.java:138)
at org.openqa.selenium.remote.codec.w3c.W3CHttpResponseCodec.decode(W3CHttpResponseCodec.java:50)
at org.openqa.selenium.remote.HttpCommandExecutor.execute(HttpCommandExecutor.java:215)
at org.openqa.selenium.remote.service.DriverCommandExecutor.invokeExecute(DriverCommandExecutor.java:216)
at org.openqa.selenium.remote.service.DriverCommandExecutor.execute(DriverCommandExecutor.java:174)
at org.openqa.selenium.remote.RemoteWebDriver.execute(RemoteWebDriver.java:545)
at org.openqa.selenium.remote.RemoteWebElement.execute(RemoteWebElement.java:223)
at org.openqa.selenium.remote.RemoteWebElement.click(RemoteWebElement.java:76)
at org.openqa.selenium.support.pagefactory.internal.LocatingElementHandler.invoke(LocatingElementHandler.java:51)
at jdk.proxy2/jdk.proxy2.$Proxy16.click(Unknown Source)
at pageObjects.HomePage.clickSignUporInButton(HomePage.java:71)
at testCases.SignInTests.validate_NegData_Signin(SignInTests.java:69)
at java.base/java.util.ArrayList.forEach(ArrayList.java:1596)
... Removed 30 stack frames]]>
    </failure>
  </testcase> <!-- validate_NegData_Signin -->
  <testcase classname="testCases.InformationTests" name="verify_information_page_URL" time="0.455"/>
  <testcase classname="testCases.KnowYourBMITests" name="testUIElements" time="0.806"/>
  <testcase classname="testCases.KnowYourBMITests" name="validate_BMI_ValidData" time="1.084"/>
  <testcase classname="testCases.KnowYourBMITests" name="validate_BMI_ValidData" time="0.945"/>
  <testcase classname="testCases.KnowYourBMITests" name="validate_BMI_ValidData" time="1.135"/>
  <testcase classname="testCases.KnowYourBMITests" name="validate_BMI_ValidData" time="1.18"/>
  <testcase classname="testCases.KnowYourBMITests" name="validate_BMI_ValidData" time="0.991">
    <skipped/>
  </testcase> <!-- validate_BMI_ValidData -->
  <testcase classname="testCases.KnowYourBMITests" name="validate_BMI_ValidData" time="0.71">
    <skipped/>
  </testcase> <!-- validate_BMI_ValidData -->
  <testcase classname="testCases.KnowYourBMITests" name="validate_BMI_ValidData" time="0.77">
    <skipped/>
  </testcase> <!-- validate_BMI_ValidData -->
  <testcase classname="testCases.KnowYourBMITests" name="validate_BMI_ValidData" time="0.806">
    <failure type="java.lang.AssertionError" message="The following asserts failed:
	expected [You are Obese(Class I) - 30.43] but found [You are overweight - 30.43]">
      <![CDATA[java.lang.AssertionError: The following asserts failed:
expected [You are Obese(Class I) - 30.43] but found [You are overweight - 30.43]
at testCases.KnowYourBMITests.validate_BMI_ValidData(KnowYourBMITests.java:85)
at java.base/java.util.ArrayList.forEach(ArrayList.java:1596)
... Removed 27 stack frames]]>
    </failure>
  </testcase> <!-- validate_BMI_ValidData -->
  <testcase classname="testCases.KnowYourBMITests" name="validate_BMI_ValidData" time="0.776">
    <skipped/>
  </testcase> <!-- validate_BMI_ValidData -->
  <testcase classname="testCases.KnowYourBMITests" name="validate_BMI_ValidData" time="0.859">
    <skipped/>
  </testcase> <!-- validate_BMI_ValidData -->
  <testcase classname="testCases.KnowYourBMITests" name="validate_BMI_ValidData" time="0.804">
    <skipped/>
  </testcase> <!-- validate_BMI_ValidData -->
  <testcase classname="testCases.KnowYourBMITests" name="validate_BMI_ValidData" time="0.999">
    <failure type="java.lang.AssertionError" message="The following asserts failed:
	expected [You are Obese(Class II) - 35.08] but found [You are overweight - 35.08]">
      <![CDATA[java.lang.AssertionError: The following asserts failed:
expected [You are Obese(Class II) - 35.08] but found [You are overweight - 35.08]
at testCases.KnowYourBMITests.validate_BMI_ValidData(KnowYourBMITests.java:85)
at java.base/java.util.ArrayList.forEach(ArrayList.java:1596)
... Removed 27 stack frames]]>
    </failure>
  </testcase> <!-- validate_BMI_ValidData -->
  <testcase classname="testCases.KnowYourBMITests" name="validate_BMI_ValidData" time="0.863">
    <skipped/>
  </testcase> <!-- validate_BMI_ValidData -->
  <testcase classname="testCases.KnowYourBMITests" name="validate_BMI_ValidData" time="1.029">
    <skipped/>
  </testcase> <!-- validate_BMI_ValidData -->
  <testcase classname="testCases.KnowYourBMITests" name="validate_BMI_ValidData" time="1.035">
    <skipped/>
  </testcase> <!-- validate_BMI_ValidData -->
  <testcase classname="testCases.KnowYourBMITests" name="validate_BMI_ValidData" time="0.995">
    <failure type="java.lang.AssertionError" message="The following asserts failed:
	expected [You are Obese(Class III) - 41.55] but found [You are overweight - 41.55]">
      <![CDATA[java.lang.AssertionError: The following asserts failed:
expected [You are Obese(Class III) - 41.55] but found [You are overweight - 41.55]
at testCases.KnowYourBMITests.validate_BMI_ValidData(KnowYourBMITests.java:85)
at java.base/java.util.ArrayList.forEach(ArrayList.java:1596)
... Removed 27 stack frames]]>
    </failure>
  </testcase> <!-- validate_BMI_ValidData -->
  <testcase classname="testCases.KnowYourBMITests" name="validate_BMI_InvalidData" time="0.78"/>
  <testcase classname="testCases.TipsTests" name="verify_tips_page_URL" time="0.529"/>
  <testcase classname="testCases.HistoryTests" name="validate_NoHistory" time="0.307"/>
  <testcase classname="testCases.HistoryTests" name="validate_History" time="1.175"/>
  <testcase classname="testCases.HistoryTests" name="validate_History" time="1.262"/>
  <testcase classname="testCases.HistoryTests" name="validate_History" time="1.171"/>
  <testcase classname="testCases.HistoryTests" name="validate_History" time="1.139"/>
  <testcase classname="testCases.HistoryTests" name="validate_History" time="1.288"/>
  <testcase classname="testCases.HistoryTests" name="validate_History" time="1.742"/>
  <testcase classname="testCases.HistoryTests" name="validate_History" time="1.043"/>
  <testcase classname="testCases.HistoryTests" name="validate_refreshPage_noHistory" time="0.601">
    <skipped/>
  </testcase> <!-- validate_refreshPage_noHistory -->
  <testcase classname="testCases.HistoryTests" name="validate_refreshPage_noHistory" time="0.467">
    <skipped/>
  </testcase> <!-- validate_refreshPage_noHistory -->
  <testcase classname="testCases.HistoryTests" name="validate_refreshPage_noHistory" time="0.329">
    <skipped/>
  </testcase> <!-- validate_refreshPage_noHistory -->
  <testcase classname="testCases.HistoryTests" name="validate_refreshPage_noHistory" time="0.369">
    <failure type="java.lang.AssertionError" message="did not expect [No history available.] but found [No history available.]">
      <![CDATA[java.lang.AssertionError: did not expect [No history available.] but found [No history available.]
at testCases.HistoryTests.validate_refreshPage_noHistory(HistoryTests.java:65)
at java.base/java.util.ArrayList.forEach(ArrayList.java:1596)
... Removed 30 stack frames]]>
    </failure>
  </testcase> <!-- validate_refreshPage_noHistory -->
</testsuite> <!-- ChromeTest -->
