<?xml version="1.0" encoding="UTF-8"?>
<!-- Generated by org.testng.reporters.JUnitXMLReporter -->
<testsuite ignored="0" hostname="LTIN593332" failures="9" tests="67" name="EdgeTest" time="153.538" errors="0" timestamp="2025-04-20T23:06:45 IST">
  <testcase classname="testCases.HomeTests" name="verify_home_page_URL" time="0.419"/>
  <testcase classname="testCases.HomeTests" name="verify_quote_change" time="0.279"/>
  <testcase classname="testCases.SignUpTests" name="data" time="1.175"/>
  <testcase classname="testCases.SignUpTests" name="data" time="0.96"/>
  <testcase classname="testCases.SignUpTests" name="data" time="1.145"/>
  <testcase classname="testCases.SignUpTests" name="data" time="1.105"/>
  <testcase classname="testCases.SignUpTests" name="data" time="0.989"/>
  <testcase classname="testCases.SignUpTests" name="data" time="0.84"/>
  <testcase classname="testCases.SignUpTests" name="data" time="1.184"/>
  <testcase classname="testCases.SignUpTests" name="data1" time="0.87"/>
  <testcase classname="testCases.SignUpTests" name="data1" time="0.938"/>
  <testcase classname="testCases.SignUpTests" name="data1" time="0.952">
    <skipped/>
  </testcase> <!-- data1 -->
  <testcase classname="testCases.SignUpTests" name="data1" time="0.836">
    <skipped/>
  </testcase> <!-- data1 -->
  <testcase classname="testCases.SignUpTests" name="data1" time="0.856">
    <skipped/>
  </testcase> <!-- data1 -->
  <testcase classname="testCases.SignUpTests" name="data1" time="0.877">
    <failure type="java.lang.AssertionError" message="The following asserts failed:
	expected [true] but found [false],
	expected [Sign Up successful!] but found [&amp;quot;Password must be at least 8 characters long and include a number and a special character.&amp;quot;],
	expected [true] but found [false],
	expected [Sign Up successful!] but found [&amp;quot;Password must be at least 8 characters long and include a number and a special character.&amp;quot;],
	expected [true] but found [false],
	expected [Sign Up successful!] but found [&amp;quot;Password must be at least 8 characters long and include a number and a special character.&amp;quot;],
	expected [true] but found [false],
	expected [Sign Up successful!] but found [&amp;quot;Password must be at least 8 characters long and include a number and a special character.&amp;quot;]">
      <![CDATA[java.lang.AssertionError: The following asserts failed:
expected [true] but found [false],
expected [Sign Up successful!] but found ["Password must be at least 8 characters long and include a number and a special character."],
expected [true] but found [false],
expected [Sign Up successful!] but found ["Password must be at least 8 characters long and include a number and a special character."],
expected [true] but found [false],
expected [Sign Up successful!] but found ["Password must be at least 8 characters long and include a number and a special character."],
expected [true] but found [false],
expected [Sign Up successful!] but found ["Password must be at least 8 characters long and include a number and a special character."]
at testCases.SignUpTests.data1(SignUpTests.java:64)
at java.base/java.util.ArrayList.forEach(ArrayList.java:1596)
... Removed 27 stack frames]]>
    </failure>
  </testcase> <!-- data1 -->
  <testcase classname="testCases.SignUpTests" name="data1" time="0.757">
    <skipped/>
  </testcase> <!-- data1 -->
  <testcase classname="testCases.SignUpTests" name="data1" time="1.128">
    <skipped/>
  </testcase> <!-- data1 -->
  <testcase classname="testCases.SignUpTests" name="data1" time="0.889">
    <skipped/>
  </testcase> <!-- data1 -->
  <testcase classname="testCases.SignUpTests" name="data1" time="1.13">
    <failure type="java.lang.AssertionError" message="The following asserts failed:
	expected [true] but found [false],
	expected [Sign Up successful!] but found [&amp;quot;Password must be at least 8 characters long and include a number and a special character.&amp;quot;],
	expected [true] but found [false],
	expected [Sign Up successful!] but found [&amp;quot;Password must be at least 8 characters long and include a number and a special character.&amp;quot;],
	expected [true] but found [false],
	expected [Sign Up successful!] but found [&amp;quot;Password must be at least 8 characters long and include a number and a special character.&amp;quot;],
	expected [true] but found [false],
	expected [Sign Up successful!] but found [&amp;quot;Password must be at least 8 characters long and include a number and a special character.&amp;quot;],
	expected [true] but found [false],
	expected [Sign Up successful!] but found [&amp;quot;Password must be at least 8 characters long and include a number and a special character.&amp;quot;],
	expected [true] but found [false],
	expected [Sign Up successful!] but found [&amp;quot;Password must be at least 8 characters long and include a number and a special character.&amp;quot;],
	expected [true] but found [false],
	expected [Sign Up successful!] but found [&amp;quot;Password must be at least 8 characters long and include a number and a special character.&amp;quot;],
	expected [true] but found [false],
	expected [Sign Up successful!] but found [&amp;quot;Password must be at least 8 characters long and include a number and a special character.&amp;quot;]">
      <![CDATA[java.lang.AssertionError: The following asserts failed:
expected [true] but found [false],
expected [Sign Up successful!] but found ["Password must be at least 8 characters long and include a number and a special character."],
expected [true] but found [false],
expected [Sign Up successful!] but found ["Password must be at least 8 characters long and include a number and a special character."],
expected [true] but found [false],
expected [Sign Up successful!] but found ["Password must be at least 8 characters long and include a number and a special character."],
expected [true] but found [false],
expected [Sign Up successful!] but found ["Password must be at least 8 characters long and include a number and a special character."],
expected [true] but found [false],
expected [Sign Up successful!] but found ["Password must be at least 8 characters long and include a number and a special character."],
expected [true] but found [false],
expected [Sign Up successful!] but found ["Password must be at least 8 characters long and include a number and a special character."],
expected [true] but found [false],
expected [Sign Up successful!] but found ["Password must be at least 8 characters long and include a number and a special character."],
expected [true] but found [false],
expected [Sign Up successful!] but found ["Password must be at least 8 characters long and include a number and a special character."]
at testCases.SignUpTests.data1(SignUpTests.java:64)
at java.base/java.util.ArrayList.forEach(ArrayList.java:1596)
... Removed 27 stack frames]]>
    </failure>
  </testcase> <!-- data1 -->
  <testcase classname="testCases.SignUpTests" name="data1" time="1.088">
    <skipped/>
  </testcase> <!-- data1 -->
  <testcase classname="testCases.SignUpTests" name="data1" time="0.847">
    <skipped/>
  </testcase> <!-- data1 -->
  <testcase classname="testCases.SignUpTests" name="data1" time="1.1">
    <skipped/>
  </testcase> <!-- data1 -->
  <testcase classname="testCases.SignUpTests" name="data1" time="1.129">
    <failure type="java.lang.AssertionError" message="The following asserts failed:
	expected [true] but found [false],
	expected [Sign Up successful!] but found [&amp;quot;Password must be at least 8 characters long and include a number and a special character.&amp;quot;],
	expected [true] but found [false],
	expected [Sign Up successful!] but found [&amp;quot;Password must be at least 8 characters long and include a number and a special character.&amp;quot;],
	expected [true] but found [false],
	expected [Sign Up successful!] but found [&amp;quot;Password must be at least 8 characters long and include a number and a special character.&amp;quot;],
	expected [true] but found [false],
	expected [Sign Up successful!] but found [&amp;quot;Password must be at least 8 characters long and include a number and a special character.&amp;quot;],
	expected [true] but found [false],
	expected [Sign Up successful!] but found [&amp;quot;Password must be at least 8 characters long and include a number and a special character.&amp;quot;],
	expected [true] but found [false],
	expected [Sign Up successful!] but found [&amp;quot;Password must be at least 8 characters long and include a number and a special character.&amp;quot;],
	expected [true] but found [false],
	expected [Sign Up successful!] but found [&amp;quot;Password must be at least 8 characters long and include a number and a special character.&amp;quot;],
	expected [true] but found [false],
	expected [Sign Up successful!] but found [&amp;quot;Password must be at least 8 characters long and include a number and a special character.&amp;quot;],
	expected [true] but found [false],
	expected [Sign Up successful!] but found [&amp;quot;Password must be at least 8 characters long and include a number and a special character.&amp;quot;],
	expected [true] but found [false],
	expected [Sign Up successful!] but found [&amp;quot;Password must be at least 8 characters long and include a number and a special character.&amp;quot;],
	expected [true] but found [false],
	expected [Sign Up successful!] but found [&amp;quot;Password must be at least 8 characters long and include a number and a special character.&amp;quot;],
	expected [true] but found [false],
	expected [Sign Up successful!] but found [&amp;quot;Password must be at least 8 characters long and include a number and a special character.&amp;quot;]">
      <![CDATA[java.lang.AssertionError: The following asserts failed:
expected [true] but found [false],
expected [Sign Up successful!] but found ["Password must be at least 8 characters long and include a number and a special character."],
expected [true] but found [false],
expected [Sign Up successful!] but found ["Password must be at least 8 characters long and include a number and a special character."],
expected [true] but found [false],
expected [Sign Up successful!] but found ["Password must be at least 8 characters long and include a number and a special character."],
expected [true] but found [false],
expected [Sign Up successful!] but found ["Password must be at least 8 characters long and include a number and a special character."],
expected [true] but found [false],
expected [Sign Up successful!] but found ["Password must be at least 8 characters long and include a number and a special character."],
expected [true] but found [false],
expected [Sign Up successful!] but found ["Password must be at least 8 characters long and include a number and a special character."],
expected [true] but found [false],
expected [Sign Up successful!] but found ["Password must be at least 8 characters long and include a number and a special character."],
expected [true] but found [false],
expected [Sign Up successful!] but found ["Password must be at least 8 characters long and include a number and a special character."],
expected [true] but found [false],
expected [Sign Up successful!] but found ["Password must be at least 8 characters long and include a number and a special character."],
expected [true] but found [false],
expected [Sign Up successful!] but found ["Password must be at least 8 characters long and include a number and a special character."],
expected [true] but found [false],
expected [Sign Up successful!] but found ["Password must be at least 8 characters long and include a number and a special character."],
expected [true] but found [false],
expected [Sign Up successful!] but found ["Password must be at least 8 characters long and include a number and a special character."]
at testCases.SignUpTests.data1(SignUpTests.java:64)
at java.base/java.util.ArrayList.forEach(ArrayList.java:1596)
... Removed 27 stack frames]]>
    </failure>
  </testcase> <!-- data1 -->
  <testcase classname="testCases.SignUpTests" name="data1" time="0.855">
    <skipped/>
  </testcase> <!-- data1 -->
  <testcase classname="testCases.SignUpTests" name="data1" time="1.049">
    <skipped/>
  </testcase> <!-- data1 -->
  <testcase classname="testCases.SignUpTests" name="data1" time="0.837">
    <skipped/>
  </testcase> <!-- data1 -->
  <testcase classname="testCases.SignUpTests" name="data1" time="1.068">
    <failure type="java.lang.AssertionError" message="The following asserts failed:
	expected [true] but found [false],
	expected [Sign Up successful!] but found [&amp;quot;Password must be at least 8 characters long and include a number and a special character.&amp;quot;],
	expected [true] but found [false],
	expected [Sign Up successful!] but found [&amp;quot;Password must be at least 8 characters long and include a number and a special character.&amp;quot;],
	expected [true] but found [false],
	expected [Sign Up successful!] but found [&amp;quot;Password must be at least 8 characters long and include a number and a special character.&amp;quot;],
	expected [true] but found [false],
	expected [Sign Up successful!] but found [&amp;quot;Password must be at least 8 characters long and include a number and a special character.&amp;quot;],
	expected [true] but found [false],
	expected [Sign Up successful!] but found [&amp;quot;Password must be at least 8 characters long and include a number and a special character.&amp;quot;],
	expected [true] but found [false],
	expected [Sign Up successful!] but found [&amp;quot;Password must be at least 8 characters long and include a number and a special character.&amp;quot;],
	expected [true] but found [false],
	expected [Sign Up successful!] but found [&amp;quot;Password must be at least 8 characters long and include a number and a special character.&amp;quot;],
	expected [true] but found [false],
	expected [Sign Up successful!] but found [&amp;quot;Password must be at least 8 characters long and include a number and a special character.&amp;quot;],
	expected [true] but found [false],
	expected [Sign Up successful!] but found [&amp;quot;Password must be at least 8 characters long and include a number and a special character.&amp;quot;],
	expected [true] but found [false],
	expected [Sign Up successful!] but found [&amp;quot;Password must be at least 8 characters long and include a number and a special character.&amp;quot;],
	expected [true] but found [false],
	expected [Sign Up successful!] but found [&amp;quot;Password must be at least 8 characters long and include a number and a special character.&amp;quot;],
	expected [true] but found [false],
	expected [Sign Up successful!] but found [&amp;quot;Password must be at least 8 characters long and include a number and a special character.&amp;quot;],
	expected [true] but found [false],
	expected [Sign Up successful!] but found [&amp;quot;Password must be at least 8 characters long and include a number and a special character.&amp;quot;],
	expected [true] but found [false],
	expected [Sign Up successful!] but found [&amp;quot;Password must be at least 8 characters long and include a number and a special character.&amp;quot;],
	expected [true] but found [false],
	expected [Sign Up successful!] but found [&amp;quot;Password must be at least 8 characters long and include a number and a special character.&amp;quot;],
	expected [true] but found [false],
	expected [Sign Up successful!] but found [&amp;quot;Password must be at least 8 characters long and include a number and a special character.&amp;quot;]">
      <![CDATA[java.lang.AssertionError: The following asserts failed:
expected [true] but found [false],
expected [Sign Up successful!] but found ["Password must be at least 8 characters long and include a number and a special character."],
expected [true] but found [false],
expected [Sign Up successful!] but found ["Password must be at least 8 characters long and include a number and a special character."],
expected [true] but found [false],
expected [Sign Up successful!] but found ["Password must be at least 8 characters long and include a number and a special character."],
expected [true] but found [false],
expected [Sign Up successful!] but found ["Password must be at least 8 characters long and include a number and a special character."],
expected [true] but found [false],
expected [Sign Up successful!] but found ["Password must be at least 8 characters long and include a number and a special character."],
expected [true] but found [false],
expected [Sign Up successful!] but found ["Password must be at least 8 characters long and include a number and a special character."],
expected [true] but found [false],
expected [Sign Up successful!] but found ["Password must be at least 8 characters long and include a number and a special character."],
expected [true] but found [false],
expected [Sign Up successful!] but found ["Password must be at least 8 characters long and include a number and a special character."],
expected [true] but found [false],
expected [Sign Up successful!] but found ["Password must be at least 8 characters long and include a number and a special character."],
expected [true] but found [false],
expected [Sign Up successful!] but found ["Password must be at least 8 characters long and include a number and a special character."],
expected [true] but found [false],
expected [Sign Up successful!] but found ["Password must be at least 8 characters long and include a number and a special character."],
expected [true] but found [false],
expected [Sign Up successful!] but found ["Password must be at least 8 characters long and include a number and a special character."],
expected [true] but found [false],
expected [Sign Up successful!] but found ["Password must be at least 8 characters long and include a number and a special character."],
expected [true] but found [false],
expected [Sign Up successful!] but found ["Password must be at least 8 characters long and include a number and a special character."],
expected [true] but found [false],
expected [Sign Up successful!] but found ["Password must be at least 8 characters long and include a number and a special character."],
expected [true] but found [false],
expected [Sign Up successful!] but found ["Password must be at least 8 characters long and include a number and a special character."]
at testCases.SignUpTests.data1(SignUpTests.java:64)
at java.base/java.util.ArrayList.forEach(ArrayList.java:1596)
... Removed 27 stack frames]]>
    </failure>
  </testcase> <!-- data1 -->
  <testcase classname="testCases.SignInTests" name="validateSignUpButtonFunctionality" time="0.377"/>
  <testcase classname="testCases.SignInTests" name="validateCrossButtonFunctionality" time="0.084"/>
  <testcase classname="testCases.SignInTests" name="validate_PosData_signin" time="0.741"/>
  <testcase classname="testCases.SignInTests" name="validate_NegData_Signin" time="0.798"/>
  <testcase classname="testCases.SignInTests" name="validate_NegData_Signin" time="1.152">
    <skipped/>
  </testcase> <!-- validate_NegData_Signin -->
  <testcase classname="testCases.SignInTests" name="validate_NegData_Signin" time="1.181">
    <skipped/>
  </testcase> <!-- validate_NegData_Signin -->
  <testcase classname="testCases.SignInTests" name="validate_NegData_Signin" time="1.14">
    <skipped/>
  </testcase> <!-- validate_NegData_Signin -->
  <testcase classname="testCases.SignInTests" name="validate_NegData_Signin" time="1.14">
    <failure type="org.openqa.selenium.ElementClickInterceptedException" message="element click intercepted: Element &amp;lt;button onclick=&amp;quot;openModal()&amp;quot;&amp;gt;...&amp;lt;/button&amp;gt; is not clickable at point (628, 464). Other element would receive the click: &amp;lt;button onclick=&amp;quot;handleSignIn()&amp;quot;&amp;gt;...&amp;lt;/button&amp;gt;
  (Session info: MicrosoftEdge=135.0.3179.85)
Build info: version: &amp;apos;4.31.0&amp;apos;, revision: &amp;apos;1ef9f18787*&amp;apos;
System info: os.name: &amp;apos;Windows 11&amp;apos;, os.arch: &amp;apos;amd64&amp;apos;, os.version: &amp;apos;10.0&amp;apos;, java.version: &amp;apos;21.0.5&amp;apos;
Driver info: org.openqa.selenium.edge.EdgeDriver
Command: [cbdd4c565cdabd7c83ad6584d29f3462, clickElement {id=f.EFA4337E4622AADAFFCAA0D5A453A6AD.d.9CBF828375AB1E690538CF0AFB00C08E.e.14}]
Capabilities {acceptInsecureCerts: false, browserName: MicrosoftEdge, browserVersion: 135.0.3179.85, fedcm:accounts: true, ms:edgeOptions: {debuggerAddress: localhost:64723}, msedge: {msedgedriverVersion: 135.0.3179.85 (578105711aca..., userDataDir: C:\windows\SystemTemp\scope...}, networkConnectionEnabled: false, pageLoadStrategy: normal, platformName: windows, proxy: Proxy(), se:cdp: ws://localhost:64723/devtoo..., se:cdpVersion: 135.0.3179.85, setWindowRect: true, strictFileInteractability: false, timeouts: {implicit: 0, pageLoad: 300000, script: 30000}, unhandledPromptBehavior: dismiss and notify, webauthn:extension:credBlob: true, webauthn:extension:largeBlob: true, webauthn:extension:minPinLength: true, webauthn:extension:prf: true, webauthn:virtualAuthenticators: true}
Element: [[EdgeDriver: MicrosoftEdge on windows (cbdd4c565cdabd7c83ad6584d29f3462)] -&amp;gt; xpath: //button[contains(text(),&amp;apos;Sign In / Sign Up&amp;apos;)]]
Session ID: cbdd4c565cdabd7c83ad6584d29f3462">
      <![CDATA[org.openqa.selenium.ElementClickInterceptedException: element click intercepted: Element <button onclick="openModal()">...</button> is not clickable at point (628, 464). Other element would receive the click: <button onclick="handleSignIn()">...</button>
  (Session info: MicrosoftEdge=135.0.3179.85)
Build info: version: '4.31.0', revision: '1ef9f18787*'
System info: os.name: 'Windows 11', os.arch: 'amd64', os.version: '10.0', java.version: '21.0.5'
Driver info: org.openqa.selenium.edge.EdgeDriver
Command: [cbdd4c565cdabd7c83ad6584d29f3462, clickElement {id=f.EFA4337E4622AADAFFCAA0D5A453A6AD.d.9CBF828375AB1E690538CF0AFB00C08E.e.14}]
Capabilities {acceptInsecureCerts: false, browserName: MicrosoftEdge, browserVersion: 135.0.3179.85, fedcm:accounts: true, ms:edgeOptions: {debuggerAddress: localhost:64723}, msedge: {msedgedriverVersion: 135.0.3179.85 (578105711aca..., userDataDir: C:\windows\SystemTemp\scope...}, networkConnectionEnabled: false, pageLoadStrategy: normal, platformName: windows, proxy: Proxy(), se:cdp: ws://localhost:64723/devtoo..., se:cdpVersion: 135.0.3179.85, setWindowRect: true, strictFileInteractability: false, timeouts: {implicit: 0, pageLoad: 300000, script: 30000}, unhandledPromptBehavior: dismiss and notify, webauthn:extension:credBlob: true, webauthn:extension:largeBlob: true, webauthn:extension:minPinLength: true, webauthn:extension:prf: true, webauthn:virtualAuthenticators: true}
Element: [[EdgeDriver: MicrosoftEdge on windows (cbdd4c565cdabd7c83ad6584d29f3462)] -> xpath: //button[contains(text(),'Sign In / Sign Up')]]
Session ID: cbdd4c565cdabd7c83ad6584d29f3462
at org.openqa.selenium.remote.ErrorCodec.decode(ErrorCodec.java:167)
at org.openqa.selenium.remote.codec.w3c.W3CHttpResponseCodec.decode(W3CHttpResponseCodec.java:138)
at org.openqa.selenium.remote.codec.w3c.W3CHttpResponseCodec.decode(W3CHttpResponseCodec.java:50)
at org.openqa.selenium.remote.HttpCommandExecutor.execute(HttpCommandExecutor.java:215)
at org.openqa.selenium.remote.service.DriverCommandExecutor.invokeExecute(DriverCommandExecutor.java:216)
at org.openqa.selenium.remote.service.DriverCommandExecutor.execute(DriverCommandExecutor.java:174)
at org.openqa.selenium.remote.RemoteWebDriver.execute(RemoteWebDriver.java:545)
at org.openqa.selenium.remote.RemoteWebElement.execute(RemoteWebElement.java:223)
at org.openqa.selenium.remote.RemoteWebElement.click(RemoteWebElement.java:76)
at org.openqa.selenium.support.pagefactory.internal.LocatingElementHandler.invoke(LocatingElementHandler.java:51)
at jdk.proxy2/jdk.proxy2.$Proxy16.click(Unknown Source)
at pageObjects.HomePage.clickSignUporInButton(HomePage.java:71)
at testCases.SignInTests.validate_NegData_Signin(SignInTests.java:69)
at java.base/java.util.ArrayList.forEach(ArrayList.java:1596)
... Removed 30 stack frames]]>
    </failure>
  </testcase> <!-- validate_NegData_Signin -->
  <testcase classname="testCases.InformationTests" name="verify_information_page_URL" time="0.613"/>
  <testcase classname="testCases.KnowYourBMITests" name="testUIElements" time="0.732"/>
  <testcase classname="testCases.KnowYourBMITests" name="validate_BMI_ValidData" time="0.778"/>
  <testcase classname="testCases.KnowYourBMITests" name="validate_BMI_ValidData" time="0.774"/>
  <testcase classname="testCases.KnowYourBMITests" name="validate_BMI_ValidData" time="0.746"/>
  <testcase classname="testCases.KnowYourBMITests" name="validate_BMI_ValidData" time="0.949"/>
  <testcase classname="testCases.KnowYourBMITests" name="validate_BMI_ValidData" time="0.941">
    <skipped/>
  </testcase> <!-- validate_BMI_ValidData -->
  <testcase classname="testCases.KnowYourBMITests" name="validate_BMI_ValidData" time="0.919">
    <skipped/>
  </testcase> <!-- validate_BMI_ValidData -->
  <testcase classname="testCases.KnowYourBMITests" name="validate_BMI_ValidData" time="1.136">
    <skipped/>
  </testcase> <!-- validate_BMI_ValidData -->
  <testcase classname="testCases.KnowYourBMITests" name="validate_BMI_ValidData" time="1.079">
    <failure type="java.lang.AssertionError" message="The following asserts failed:
	expected [You are Obese(Class I) - 30.43] but found [You are overweight - 30.43]">
      <![CDATA[java.lang.AssertionError: The following asserts failed:
expected [You are Obese(Class I) - 30.43] but found [You are overweight - 30.43]
at testCases.KnowYourBMITests.validate_BMI_ValidData(KnowYourBMITests.java:85)
at java.base/java.util.ArrayList.forEach(ArrayList.java:1596)
... Removed 27 stack frames]]>
    </failure>
  </testcase> <!-- validate_BMI_ValidData -->
  <testcase classname="testCases.KnowYourBMITests" name="validate_BMI_ValidData" time="1.019">
    <skipped/>
  </testcase> <!-- validate_BMI_ValidData -->
  <testcase classname="testCases.KnowYourBMITests" name="validate_BMI_ValidData" time="0.832">
    <skipped/>
  </testcase> <!-- validate_BMI_ValidData -->
  <testcase classname="testCases.KnowYourBMITests" name="validate_BMI_ValidData" time="0.956">
    <skipped/>
  </testcase> <!-- validate_BMI_ValidData -->
  <testcase classname="testCases.KnowYourBMITests" name="validate_BMI_ValidData" time="1.1">
    <failure type="java.lang.AssertionError" message="The following asserts failed:
	expected [You are Obese(Class II) - 35.08] but found [You are overweight - 35.08]">
      <![CDATA[java.lang.AssertionError: The following asserts failed:
expected [You are Obese(Class II) - 35.08] but found [You are overweight - 35.08]
at testCases.KnowYourBMITests.validate_BMI_ValidData(KnowYourBMITests.java:85)
at java.base/java.util.ArrayList.forEach(ArrayList.java:1596)
... Removed 27 stack frames]]>
    </failure>
  </testcase> <!-- validate_BMI_ValidData -->
  <testcase classname="testCases.KnowYourBMITests" name="validate_BMI_ValidData" time="0.905">
    <skipped/>
  </testcase> <!-- validate_BMI_ValidData -->
  <testcase classname="testCases.KnowYourBMITests" name="validate_BMI_ValidData" time="0.868">
    <skipped/>
  </testcase> <!-- validate_BMI_ValidData -->
  <testcase classname="testCases.KnowYourBMITests" name="validate_BMI_ValidData" time="0.768">
    <skipped/>
  </testcase> <!-- validate_BMI_ValidData -->
  <testcase classname="testCases.KnowYourBMITests" name="validate_BMI_ValidData" time="1.066">
    <failure type="java.lang.AssertionError" message="The following asserts failed:
	expected [You are Obese(Class III) - 41.55] but found [You are overweight - 41.55]">
      <![CDATA[java.lang.AssertionError: The following asserts failed:
expected [You are Obese(Class III) - 41.55] but found [You are overweight - 41.55]
at testCases.KnowYourBMITests.validate_BMI_ValidData(KnowYourBMITests.java:85)
at java.base/java.util.ArrayList.forEach(ArrayList.java:1596)
... Removed 27 stack frames]]>
    </failure>
  </testcase> <!-- validate_BMI_ValidData -->
  <testcase classname="testCases.KnowYourBMITests" name="validate_BMI_InvalidData" time="0.886"/>
  <testcase classname="testCases.TipsTests" name="verify_tips_page_URL" time="0.643"/>
  <testcase classname="testCases.HistoryTests" name="validate_NoHistory" time="0.34"/>
  <testcase classname="testCases.HistoryTests" name="validate_History" time="1.394"/>
  <testcase classname="testCases.HistoryTests" name="validate_History" time="1.435"/>
  <testcase classname="testCases.HistoryTests" name="validate_History" time="1.314"/>
  <testcase classname="testCases.HistoryTests" name="validate_History" time="1.209"/>
  <testcase classname="testCases.HistoryTests" name="validate_History" time="1.218"/>
  <testcase classname="testCases.HistoryTests" name="validate_History" time="1.199"/>
  <testcase classname="testCases.HistoryTests" name="validate_History" time="1.036"/>
  <testcase classname="testCases.HistoryTests" name="validate_refreshPage_noHistory" time="0.536">
    <skipped/>
  </testcase> <!-- validate_refreshPage_noHistory -->
  <testcase classname="testCases.HistoryTests" name="validate_refreshPage_noHistory" time="0.347">
    <skipped/>
  </testcase> <!-- validate_refreshPage_noHistory -->
  <testcase classname="testCases.HistoryTests" name="validate_refreshPage_noHistory" time="0.342">
    <skipped/>
  </testcase> <!-- validate_refreshPage_noHistory -->
  <testcase classname="testCases.HistoryTests" name="validate_refreshPage_noHistory" time="0.367">
    <failure type="java.lang.AssertionError" message="did not expect [No history available.] but found [No history available.]">
      <![CDATA[java.lang.AssertionError: did not expect [No history available.] but found [No history available.]
at testCases.HistoryTests.validate_refreshPage_noHistory(HistoryTests.java:65)
at java.base/java.util.ArrayList.forEach(ArrayList.java:1596)
... Removed 30 stack frames]]>
    </failure>
  </testcase> <!-- validate_refreshPage_noHistory -->
</testsuite> <!-- EdgeTest -->
